2020-06-21 09:04:18.107  INFO 47160 --- [restartedMain] c.i.admin.AdminLoginApplicationStarter   : Starting AdminLoginApplicationStarter on BLRKEC287992L with PID 47160 (D:\samrat.basu01\D-Drive\eclipse workspace\admin-login\target\classes started by samrat.basu01 in D:\samrat.basu01\D-Drive\eclipse workspace\admin-login)
2020-06-21 09:04:18.114  INFO 47160 --- [restartedMain] c.i.admin.AdminLoginApplicationStarter   : No active profile set, falling back to default profiles: default
2020-06-21 09:04:18.284  INFO 47160 --- [restartedMain] o.s.b.devtools.restart.ChangeableUrls    : The Class-Path manifest attribute in C:\Users\samrat.basu01\.m2\repository\org\glassfish\hk2\hk2\2.6.1\hk2-2.6.1.jar referenced one or more files that do not exist: file:/C:/Users/samrat.basu01/.m2/repository/org/glassfish/hk2/hk2/2.6.1/hk2-utils.jar,file:/C:/Users/samrat.basu01/.m2/repository/org/glassfish/hk2/hk2/2.6.1/jakarta.annotation-api.jar,file:/C:/Users/samrat.basu01/.m2/repository/org/glassfish/hk2/hk2/2.6.1/jakarta.inject.jar,file:/C:/Users/samrat.basu01/.m2/repository/org/glassfish/hk2/hk2/2.6.1/hk2-api.jar,file:/C:/Users/samrat.basu01/.m2/repository/org/glassfish/hk2/hk2/2.6.1/aopalliance-repackaged.jar,file:/C:/Users/samrat.basu01/.m2/repository/org/glassfish/hk2/hk2/2.6.1/hk2-core.jar,file:/C:/Users/samrat.basu01/.m2/repository/org/glassfish/hk2/hk2/2.6.1/hk2-locator.jar,file:/C:/Users/samrat.basu01/.m2/repository/org/glassfish/hk2/hk2/2.6.1/javassist.jar,file:/C:/Users/samrat.basu01/.m2/repository/org/glassfish/hk2/hk2/2.6.1/hk2-runlevel.jar,file:/C:/Users/samrat.basu01/.m2/repository/org/glassfish/hk2/hk2/2.6.1/class-model.jar,file:/C:/Users/samrat.basu01/.m2/repository/org/glassfish/hk2/hk2/2.6.1/asm.jar,file:/C:/Users/samrat.basu01/.m2/repository/org/glassfish/hk2/hk2/2.6.1/asm-analysis.jar,file:/C:/Users/samrat.basu01/.m2/repository/org/glassfish/hk2/hk2/2.6.1/asm-commons.jar,file:/C:/Users/samrat.basu01/.m2/repository/org/glassfish/hk2/hk2/2.6.1/asm-tree.jar,file:/C:/Users/samrat.basu01/.m2/repository/org/glassfish/hk2/hk2/2.6.1/asm-util.jar
2020-06-21 09:04:18.286  INFO 47160 --- [restartedMain] .e.DevToolsPropertyDefaultsPostProcessor : Devtools property defaults active! Set 'spring.devtools.add-properties' to 'false' to disable
2020-06-21 09:04:18.286  INFO 47160 --- [restartedMain] .e.DevToolsPropertyDefaultsPostProcessor : For additional web related logging consider setting the 'logging.level.web' property to 'DEBUG'
2020-06-21 09:04:19.803  INFO 47160 --- [restartedMain] .s.d.r.c.RepositoryConfigurationDelegate : Bootstrapping Spring Data MongoDB repositories in DEFAULT mode.
2020-06-21 09:04:19.933  INFO 47160 --- [restartedMain] .s.d.r.c.RepositoryConfigurationDelegate : Finished Spring Data repository scanning in 120ms. Found 1 MongoDB repository interfaces.
2020-06-21 09:04:21.760  INFO 47160 --- [restartedMain] o.s.b.w.embedded.tomcat.TomcatWebServer  : Tomcat initialized with port(s): 8307 (http)
2020-06-21 09:04:21.775  INFO 47160 --- [restartedMain] o.apache.catalina.core.StandardService   : Starting service [Tomcat]
2020-06-21 09:04:21.775  INFO 47160 --- [restartedMain] org.apache.catalina.core.StandardEngine  : Starting Servlet engine: [Apache Tomcat/9.0.34]
2020-06-21 09:04:21.945  INFO 47160 --- [restartedMain] o.a.c.c.C.[Tomcat].[localhost].[/]       : Initializing Spring embedded WebApplicationContext
2020-06-21 09:04:21.946  INFO 47160 --- [restartedMain] o.s.web.context.ContextLoader            : Root WebApplicationContext: initialization completed in 3659 ms
2020-06-21 09:04:22.628  INFO 47160 --- [restartedMain] org.mongodb.driver.cluster               : Cluster created with settings {hosts=[localhost:27017], mode=MULTIPLE, requiredClusterType=UNKNOWN, serverSelectionTimeout='30000 ms', maxWaitQueueSize=500}
2020-06-21 09:04:22.628  INFO 47160 --- [restartedMain] org.mongodb.driver.cluster               : Adding discovered server localhost:27017 to client view of cluster
2020-06-21 09:04:22.772  INFO 47160 --- [cluster-ClusterId{value='5eeed53ed48f2d47ba3a2704', description='null'}-localhost:27017] org.mongodb.driver.connection            : Opened connection [connectionId{localValue:1, serverValue:13}] to localhost:27017
2020-06-21 09:04:22.786  INFO 47160 --- [cluster-ClusterId{value='5eeed53ed48f2d47ba3a2704', description='null'}-localhost:27017] org.mongodb.driver.cluster               : Monitor thread successfully connected to server with description ServerDescription{address=localhost:27017, type=STANDALONE, state=CONNECTED, ok=true, version=ServerVersion{versionList=[4, 2, 6]}, minWireVersion=0, maxWireVersion=8, maxDocumentSize=16777216, logicalSessionTimeoutMinutes=30, roundTripTimeNanos=8120702}
2020-06-21 09:04:22.788  INFO 47160 --- [cluster-ClusterId{value='5eeed53ed48f2d47ba3a2704', description='null'}-localhost:27017] org.mongodb.driver.cluster               : Discovered cluster type of STANDALONE
2020-06-21 09:04:23.208  INFO 47160 --- [restartedMain] o.s.b.d.a.OptionalLiveReloadServer       : LiveReload server is running on port 35729
2020-06-21 09:04:24.021  INFO 47160 --- [restartedMain] o.s.s.concurrent.ThreadPoolTaskExecutor  : Initializing ExecutorService 'applicationTaskExecutor'
2020-06-21 09:04:24.477  INFO 47160 --- [restartedMain] o.s.b.w.embedded.tomcat.TomcatWebServer  : Tomcat started on port(s): 8307 (http) with context path ''
2020-06-21 09:04:24.481  INFO 47160 --- [restartedMain] c.i.admin.AdminLoginApplicationStarter   : Started AdminLoginApplicationStarter in 7.384 seconds (JVM running for 8.368)
2020-06-21 09:04:46.306  INFO 47160 --- [http-nio-8307-exec-1] o.a.c.c.C.[Tomcat].[localhost].[/]       : Initializing Spring DispatcherServlet 'dispatcherServlet'
2020-06-21 09:04:46.307  INFO 47160 --- [http-nio-8307-exec-1] o.s.web.servlet.DispatcherServlet        : Initializing Servlet 'dispatcherServlet'
2020-06-21 09:04:46.324  INFO 47160 --- [http-nio-8307-exec-1] o.s.web.servlet.DispatcherServlet        : Completed initialization in 16 ms
2020-06-21 09:08:00.275  INFO 85560 --- [restartedMain] c.i.admin.AdminLoginApplicationStarter   : Starting AdminLoginApplicationStarter on BLRKEC287992L with PID 85560 (D:\samrat.basu01\D-Drive\eclipse workspace\admin-login\target\classes started by samrat.basu01 in D:\samrat.basu01\D-Drive\eclipse workspace\admin-login)
2020-06-21 09:08:00.282  INFO 85560 --- [restartedMain] c.i.admin.AdminLoginApplicationStarter   : No active profile set, falling back to default profiles: default
2020-06-21 09:08:00.392  INFO 85560 --- [restartedMain] o.s.b.devtools.restart.ChangeableUrls    : The Class-Path manifest attribute in C:\Users\samrat.basu01\.m2\repository\org\glassfish\hk2\hk2\2.6.1\hk2-2.6.1.jar referenced one or more files that do not exist: file:/C:/Users/samrat.basu01/.m2/repository/org/glassfish/hk2/hk2/2.6.1/hk2-utils.jar,file:/C:/Users/samrat.basu01/.m2/repository/org/glassfish/hk2/hk2/2.6.1/jakarta.annotation-api.jar,file:/C:/Users/samrat.basu01/.m2/repository/org/glassfish/hk2/hk2/2.6.1/jakarta.inject.jar,file:/C:/Users/samrat.basu01/.m2/repository/org/glassfish/hk2/hk2/2.6.1/hk2-api.jar,file:/C:/Users/samrat.basu01/.m2/repository/org/glassfish/hk2/hk2/2.6.1/aopalliance-repackaged.jar,file:/C:/Users/samrat.basu01/.m2/repository/org/glassfish/hk2/hk2/2.6.1/hk2-core.jar,file:/C:/Users/samrat.basu01/.m2/repository/org/glassfish/hk2/hk2/2.6.1/hk2-locator.jar,file:/C:/Users/samrat.basu01/.m2/repository/org/glassfish/hk2/hk2/2.6.1/javassist.jar,file:/C:/Users/samrat.basu01/.m2/repository/org/glassfish/hk2/hk2/2.6.1/hk2-runlevel.jar,file:/C:/Users/samrat.basu01/.m2/repository/org/glassfish/hk2/hk2/2.6.1/class-model.jar,file:/C:/Users/samrat.basu01/.m2/repository/org/glassfish/hk2/hk2/2.6.1/asm.jar,file:/C:/Users/samrat.basu01/.m2/repository/org/glassfish/hk2/hk2/2.6.1/asm-analysis.jar,file:/C:/Users/samrat.basu01/.m2/repository/org/glassfish/hk2/hk2/2.6.1/asm-commons.jar,file:/C:/Users/samrat.basu01/.m2/repository/org/glassfish/hk2/hk2/2.6.1/asm-tree.jar,file:/C:/Users/samrat.basu01/.m2/repository/org/glassfish/hk2/hk2/2.6.1/asm-util.jar
2020-06-21 09:08:00.394  INFO 85560 --- [restartedMain] .e.DevToolsPropertyDefaultsPostProcessor : Devtools property defaults active! Set 'spring.devtools.add-properties' to 'false' to disable
2020-06-21 09:08:00.395  INFO 85560 --- [restartedMain] .e.DevToolsPropertyDefaultsPostProcessor : For additional web related logging consider setting the 'logging.level.web' property to 'DEBUG'
2020-06-21 09:08:01.913  INFO 85560 --- [restartedMain] .s.d.r.c.RepositoryConfigurationDelegate : Bootstrapping Spring Data MongoDB repositories in DEFAULT mode.
2020-06-21 09:08:01.998  INFO 85560 --- [restartedMain] .s.d.r.c.RepositoryConfigurationDelegate : Finished Spring Data repository scanning in 81ms. Found 1 MongoDB repository interfaces.
2020-06-21 09:08:03.372  INFO 85560 --- [restartedMain] o.s.b.w.embedded.tomcat.TomcatWebServer  : Tomcat initialized with port(s): 8307 (http)
2020-06-21 09:08:03.404  INFO 85560 --- [restartedMain] o.apache.catalina.core.StandardService   : Starting service [Tomcat]
2020-06-21 09:08:03.405  INFO 85560 --- [restartedMain] org.apache.catalina.core.StandardEngine  : Starting Servlet engine: [Apache Tomcat/9.0.34]
2020-06-21 09:08:03.587  INFO 85560 --- [restartedMain] o.a.c.c.C.[Tomcat].[localhost].[/]       : Initializing Spring embedded WebApplicationContext
2020-06-21 09:08:03.588  INFO 85560 --- [restartedMain] o.s.web.context.ContextLoader            : Root WebApplicationContext: initialization completed in 3192 ms
2020-06-21 09:08:03.992  INFO 85560 --- [restartedMain] org.mongodb.driver.cluster               : Cluster created with settings {hosts=[localhost:27017], mode=MULTIPLE, requiredClusterType=UNKNOWN, serverSelectionTimeout='30000 ms', maxWaitQueueSize=500}
2020-06-21 09:08:03.993  INFO 85560 --- [restartedMain] org.mongodb.driver.cluster               : Adding discovered server localhost:27017 to client view of cluster
2020-06-21 09:08:04.080  INFO 85560 --- [cluster-ClusterId{value='5eeed61b56a4a5520688f21f', description='null'}-localhost:27017] org.mongodb.driver.connection            : Opened connection [connectionId{localValue:1, serverValue:14}] to localhost:27017
2020-06-21 09:08:04.089  INFO 85560 --- [cluster-ClusterId{value='5eeed61b56a4a5520688f21f', description='null'}-localhost:27017] org.mongodb.driver.cluster               : Monitor thread successfully connected to server with description ServerDescription{address=localhost:27017, type=STANDALONE, state=CONNECTED, ok=true, version=ServerVersion{versionList=[4, 2, 6]}, minWireVersion=0, maxWireVersion=8, maxDocumentSize=16777216, logicalSessionTimeoutMinutes=30, roundTripTimeNanos=6825472}
2020-06-21 09:08:04.092  INFO 85560 --- [cluster-ClusterId{value='5eeed61b56a4a5520688f21f', description='null'}-localhost:27017] org.mongodb.driver.cluster               : Discovered cluster type of STANDALONE
2020-06-21 09:08:04.315  INFO 85560 --- [restartedMain] o.s.b.d.a.OptionalLiveReloadServer       : LiveReload server is running on port 35729
2020-06-21 09:08:05.216  INFO 85560 --- [restartedMain] o.s.s.concurrent.ThreadPoolTaskExecutor  : Initializing ExecutorService 'applicationTaskExecutor'
2020-06-21 09:08:05.519  INFO 85560 --- [restartedMain] d.s.w.p.DocumentationPluginsBootstrapper : Context refreshed
2020-06-21 09:08:05.577  INFO 85560 --- [restartedMain] d.s.w.p.DocumentationPluginsBootstrapper : Found 1 custom documentation plugin(s)
2020-06-21 09:08:05.589  INFO 85560 --- [restartedMain] s.d.s.w.s.ApiListingReferenceScanner     : Scanning for api listing references
2020-06-21 09:08:05.879  INFO 85560 --- [restartedMain] o.s.b.w.embedded.tomcat.TomcatWebServer  : Tomcat started on port(s): 8307 (http) with context path ''
2020-06-21 09:08:05.883  INFO 85560 --- [restartedMain] c.i.admin.AdminLoginApplicationStarter   : Started AdminLoginApplicationStarter in 6.468 seconds (JVM running for 7.418)
2020-06-21 09:08:09.666  INFO 85560 --- [http-nio-8307-exec-1] o.a.c.c.C.[Tomcat].[localhost].[/]       : Initializing Spring DispatcherServlet 'dispatcherServlet'
2020-06-21 09:08:09.668  INFO 85560 --- [http-nio-8307-exec-1] o.s.web.servlet.DispatcherServlet        : Initializing Servlet 'dispatcherServlet'
2020-06-21 09:08:09.678  INFO 85560 --- [http-nio-8307-exec-1] o.s.web.servlet.DispatcherServlet        : Completed initialization in 9 ms
2020-06-21 09:24:29.461  INFO 48244 --- [restartedMain] c.i.admin.AdminLoginApplicationStarter   : Starting AdminLoginApplicationStarter on BLRKEC287992L with PID 48244 (D:\samrat.basu01\D-Drive\eclipse workspace\admin-login\target\classes started by samrat.basu01 in D:\samrat.basu01\D-Drive\eclipse workspace\admin-login)
2020-06-21 09:24:29.465  INFO 48244 --- [restartedMain] c.i.admin.AdminLoginApplicationStarter   : No active profile set, falling back to default profiles: default
2020-06-21 09:24:29.575  INFO 48244 --- [restartedMain] o.s.b.devtools.restart.ChangeableUrls    : The Class-Path manifest attribute in C:\Users\samrat.basu01\.m2\repository\org\glassfish\hk2\hk2\2.6.1\hk2-2.6.1.jar referenced one or more files that do not exist: file:/C:/Users/samrat.basu01/.m2/repository/org/glassfish/hk2/hk2/2.6.1/hk2-utils.jar,file:/C:/Users/samrat.basu01/.m2/repository/org/glassfish/hk2/hk2/2.6.1/jakarta.annotation-api.jar,file:/C:/Users/samrat.basu01/.m2/repository/org/glassfish/hk2/hk2/2.6.1/jakarta.inject.jar,file:/C:/Users/samrat.basu01/.m2/repository/org/glassfish/hk2/hk2/2.6.1/hk2-api.jar,file:/C:/Users/samrat.basu01/.m2/repository/org/glassfish/hk2/hk2/2.6.1/aopalliance-repackaged.jar,file:/C:/Users/samrat.basu01/.m2/repository/org/glassfish/hk2/hk2/2.6.1/hk2-core.jar,file:/C:/Users/samrat.basu01/.m2/repository/org/glassfish/hk2/hk2/2.6.1/hk2-locator.jar,file:/C:/Users/samrat.basu01/.m2/repository/org/glassfish/hk2/hk2/2.6.1/javassist.jar,file:/C:/Users/samrat.basu01/.m2/repository/org/glassfish/hk2/hk2/2.6.1/hk2-runlevel.jar,file:/C:/Users/samrat.basu01/.m2/repository/org/glassfish/hk2/hk2/2.6.1/class-model.jar,file:/C:/Users/samrat.basu01/.m2/repository/org/glassfish/hk2/hk2/2.6.1/asm.jar,file:/C:/Users/samrat.basu01/.m2/repository/org/glassfish/hk2/hk2/2.6.1/asm-analysis.jar,file:/C:/Users/samrat.basu01/.m2/repository/org/glassfish/hk2/hk2/2.6.1/asm-commons.jar,file:/C:/Users/samrat.basu01/.m2/repository/org/glassfish/hk2/hk2/2.6.1/asm-tree.jar,file:/C:/Users/samrat.basu01/.m2/repository/org/glassfish/hk2/hk2/2.6.1/asm-util.jar
2020-06-21 09:24:29.576  INFO 48244 --- [restartedMain] .e.DevToolsPropertyDefaultsPostProcessor : Devtools property defaults active! Set 'spring.devtools.add-properties' to 'false' to disable
2020-06-21 09:24:29.577  INFO 48244 --- [restartedMain] .e.DevToolsPropertyDefaultsPostProcessor : For additional web related logging consider setting the 'logging.level.web' property to 'DEBUG'
2020-06-21 09:24:31.083  INFO 48244 --- [restartedMain] .s.d.r.c.RepositoryConfigurationDelegate : Bootstrapping Spring Data MongoDB repositories in DEFAULT mode.
2020-06-21 09:24:31.167  INFO 48244 --- [restartedMain] .s.d.r.c.RepositoryConfigurationDelegate : Finished Spring Data repository scanning in 77ms. Found 1 MongoDB repository interfaces.
2020-06-21 09:24:32.500  INFO 48244 --- [restartedMain] o.s.b.w.embedded.tomcat.TomcatWebServer  : Tomcat initialized with port(s): 8307 (http)
2020-06-21 09:24:32.511  INFO 48244 --- [restartedMain] o.apache.catalina.core.StandardService   : Starting service [Tomcat]
2020-06-21 09:24:32.511  INFO 48244 --- [restartedMain] org.apache.catalina.core.StandardEngine  : Starting Servlet engine: [Apache Tomcat/9.0.34]
2020-06-21 09:24:32.633  INFO 48244 --- [restartedMain] o.a.c.c.C.[Tomcat].[localhost].[/]       : Initializing Spring embedded WebApplicationContext
2020-06-21 09:24:32.633  INFO 48244 --- [restartedMain] o.s.web.context.ContextLoader            : Root WebApplicationContext: initialization completed in 3055 ms
2020-06-21 09:24:32.991  INFO 48244 --- [restartedMain] org.mongodb.driver.cluster               : Cluster created with settings {hosts=[localhost:27017], mode=MULTIPLE, requiredClusterType=UNKNOWN, serverSelectionTimeout='30000 ms', maxWaitQueueSize=500}
2020-06-21 09:24:32.992  INFO 48244 --- [restartedMain] org.mongodb.driver.cluster               : Adding discovered server localhost:27017 to client view of cluster
2020-06-21 09:24:33.086  INFO 48244 --- [cluster-ClusterId{value='5eeed9f8d743f5050831e032', description='null'}-localhost:27017] org.mongodb.driver.connection            : Opened connection [connectionId{localValue:1, serverValue:15}] to localhost:27017
2020-06-21 09:24:33.092  INFO 48244 --- [cluster-ClusterId{value='5eeed9f8d743f5050831e032', description='null'}-localhost:27017] org.mongodb.driver.cluster               : Monitor thread successfully connected to server with description ServerDescription{address=localhost:27017, type=STANDALONE, state=CONNECTED, ok=true, version=ServerVersion{versionList=[4, 2, 6]}, minWireVersion=0, maxWireVersion=8, maxDocumentSize=16777216, logicalSessionTimeoutMinutes=30, roundTripTimeNanos=4502781}
2020-06-21 09:24:33.094  INFO 48244 --- [cluster-ClusterId{value='5eeed9f8d743f5050831e032', description='null'}-localhost:27017] org.mongodb.driver.cluster               : Discovered cluster type of STANDALONE
2020-06-21 09:24:33.283  INFO 48244 --- [restartedMain] o.s.b.d.a.OptionalLiveReloadServer       : LiveReload server is running on port 35729
2020-06-21 09:24:34.150  INFO 48244 --- [restartedMain] o.s.s.concurrent.ThreadPoolTaskExecutor  : Initializing ExecutorService 'applicationTaskExecutor'
2020-06-21 09:24:34.384  INFO 48244 --- [restartedMain] d.s.w.p.DocumentationPluginsBootstrapper : Context refreshed
2020-06-21 09:24:34.412  INFO 48244 --- [restartedMain] d.s.w.p.DocumentationPluginsBootstrapper : Found 1 custom documentation plugin(s)
2020-06-21 09:24:34.421  INFO 48244 --- [restartedMain] s.d.s.w.s.ApiListingReferenceScanner     : Scanning for api listing references
2020-06-21 09:24:34.588  INFO 48244 --- [restartedMain] o.s.b.w.embedded.tomcat.TomcatWebServer  : Tomcat started on port(s): 8307 (http) with context path ''
2020-06-21 09:24:34.591  INFO 48244 --- [restartedMain] c.i.admin.AdminLoginApplicationStarter   : Started AdminLoginApplicationStarter in 5.796 seconds (JVM running for 6.686)
2020-06-21 09:24:47.832  INFO 48244 --- [http-nio-8307-exec-1] o.a.c.c.C.[Tomcat].[localhost].[/]       : Initializing Spring DispatcherServlet 'dispatcherServlet'
2020-06-21 09:24:47.832  INFO 48244 --- [http-nio-8307-exec-1] o.s.web.servlet.DispatcherServlet        : Initializing Servlet 'dispatcherServlet'
2020-06-21 09:24:47.847  INFO 48244 --- [http-nio-8307-exec-1] o.s.web.servlet.DispatcherServlet        : Completed initialization in 14 ms
2020-06-21 09:26:03.822  WARN 48244 --- [http-nio-8307-exec-6] .w.s.m.s.DefaultHandlerExceptionResolver : Resolved [org.springframework.http.converter.HttpMessageNotReadableException: JSON parse error: Unexpected end-of-input: expected close marker for Object (start marker at [Source: (PushbackInputStream); line: 1, column: 1]); nested exception is com.fasterxml.jackson.core.io.JsonEOFException: Unexpected end-of-input: expected close marker for Object (start marker at [Source: (PushbackInputStream); line: 1, column: 1])
 at [Source: (PushbackInputStream); line: 5, column: 26]]
2020-06-21 09:26:13.510  INFO 48244 --- [http-nio-8307-exec-2] c.infy.admin.controller.LoginController  : Userprofile details name Samrat Basu
2020-06-21 09:26:13.511  INFO 48244 --- [http-nio-8307-exec-2] com.infy.admin.service.PortfolioService  : Saving user profile...
2020-06-21 09:26:13.567 DEBUG 48244 --- [http-nio-8307-exec-2] o.s.data.mongodb.core.MongoTemplate      : find using query: { "email" : "samrat.basu01@infosys.com"} fields: Document{{}} for class: class com.infy.admin.model.UserProfile in collection: col_admin_user
2020-06-21 09:26:13.618  INFO 48244 --- [http-nio-8307-exec-2] org.mongodb.driver.connection            : Opened connection [connectionId{localValue:2, serverValue:16}] to localhost:27017
2020-06-21 09:26:13.685 DEBUG 48244 --- [http-nio-8307-exec-2] o.s.data.mongodb.core.MongoTemplate      : Saving Document containing fields: [_id, name, email, password, _class]
2020-06-21 09:27:19.593 DEBUG 48244 --- [http-nio-8307-exec-5] o.s.data.mongodb.core.MongoTemplate      : find using query: { "email" : "samrat.basu01@infosys.com", "password" : "samrat@123"} fields: Document{{}} for class: class com.infy.admin.model.UserProfile in collection: col_admin_user
2020-06-21 09:28:58.034  INFO 48244 --- [http-nio-8307-exec-10] c.infy.admin.controller.LoginController  : Userprofile details name TamalBasu
2020-06-21 09:28:58.035  INFO 48244 --- [http-nio-8307-exec-10] com.infy.admin.service.PortfolioService  : Saving user profile...
2020-06-21 09:28:58.036 DEBUG 48244 --- [http-nio-8307-exec-10] o.s.data.mongodb.core.MongoTemplate      : find using query: { "email" : "tamal.basu01@infosys.com"} fields: Document{{}} for class: class com.infy.admin.model.UserProfile in collection: col_admin_user
2020-06-21 09:28:58.040 DEBUG 48244 --- [http-nio-8307-exec-10] o.s.data.mongodb.core.MongoTemplate      : Inserting Document containing fields: [name, email, password, _class] in collection: col_admin_user
2020-06-21 09:29:38.661 DEBUG 48244 --- [http-nio-8307-exec-8] o.s.data.mongodb.core.MongoTemplate      : find using query: { "email" : "tamal.basu01@infosys.com", "password" : "samrat@123"} fields: Document{{}} for class: class com.infy.admin.model.UserProfile in collection: col_admin_user
